#
# A fatal error has been detected by the Java Runtime Environment:
#
#  EXCEPTION_ACCESS_VIOLATION (0xc0000005) at pc=0x000000006ecb45eb, pid=11988, tid=13196
#
# JRE version: Java(TM) SE Runtime Environment (7.0_71-b14) (build 1.7.0_71-b14)
# Java VM: Java HotSpot(TM) 64-Bit Server VM (24.71-b01 mixed mode windows-amd64 compressed oops)
# Problematic frame:
# V  [jvm.dll+0x1445eb]
#
# Failed to write core dump. Minidumps are not enabled by default on client versions of Windows
#
# If you would like to submit a bug report, please visit:
#   http://bugreport.sun.com/bugreport/crash.jsp
#

---------------  T H R E A D  ---------------

Current thread (0x000000000b5dc000):  JavaThread "JDWP Transport Listener: dt_socket" daemon [_thread_in_vm, id=13196, stack(0x000000000e2d0000,0x000000000e3d0000)]

siginfo: ExceptionCode=0xc0000005, reading address 0xffffffffffffffff

Registers:
RAX=0x000000000e3cf801, RBX=0x000000000b5dc000, RCX=0x4c2f6c6974752f61, RDX=0x0000000000000000
RSP=0x000000000e3cf860, RBP=0x4c2f6c6974752f61, RSI=0x000000000e3cf978, RDI=0x00000000027fa9b0
R8 =0x000000000b5dc000, R9 =0x0000000000000700, R10=0x704179726f746973, R11=0xb72b2a3800f5001d
R12=0x0000000000000000, R13=0x0000000002730348, R14=0x0000000000000000, R15=0x0000000000000000
RIP=0x000000006ecb45eb, EFLAGS=0x0000000000010202

Top of Stack: (sp=0x000000000e3cf860)
0x000000000e3cf860:   000000000b5dc000 0000000000000003
0x000000000e3cf870:   000000000e3cf928 000000006ee55a09
0x000000000e3cf880:   000000000b5dc000 000000006ee735b2
0x000000000e3cf890:   0000000000000035 0000000077b48e8d
0x000000000e3cf8a0:   000000000b5c9238 0000000077b52666
0x000000000e3cf8b0:   000000000b5dc000 0000000000000000
0x000000000e3cf8c0:   0000000000000000 0000000000000000
0x000000000e3cf8d0:   4c2f6c6974752f61 0000000077b5175d
0x000000000e3cf8e0:   000000000e3cf978 000000000e3cf950
0x000000000e3cf8f0:   0000000000000001 000000000b5c9238
0x000000000e3cf900:   4c2f6c6974752f61 0000000077b353b3
0x000000000e3cf910:   000000000e3cfa40 0000000000000001
0x000000000e3cf920:   0000000000000001 000000000b5c9238
0x000000000e3cf930:   000000000000000a 0000000000000000
0x000000000e3cf940:   0000000000000000 0000000000000000
0x000000000e3cf950:   0000000000000001 0000000077b35571 

Instructions: (pc=0x000000006ecb45eb)
0x000000006ecb45cb:   48 8b 5c 24 30 48 89 47 18 48 83 c4 20 5f c3 cc
0x000000006ecb45db:   cc cc cc cc cc 40 53 48 83 ec 20 48 85 c9 74 54
0x000000006ecb45eb:   48 8b 19 48 85 db 74 4c 48 b8 fe fe fe fe fe fe
0x000000006ecb45fb:   fe fe 48 3b d8 74 3d 80 3d 8f 09 61 00 00 74 15 


Register to memory mapping:

RAX=0x000000000e3cf801 is pointing into the stack for thread: 0x000000000b5dc000
RBX=0x000000000b5dc000 is a thread
RCX=0x4c2f6c6974752f61 is an unknown value
RDX=0x0000000000000000 is an unknown value
RSP=0x000000000e3cf860 is pointing into the stack for thread: 0x000000000b5dc000
RBP=0x4c2f6c6974752f61 is an unknown value
RSI=0x000000000e3cf978 is pointing into the stack for thread: 0x000000000b5dc000
RDI=0x00000000027fa9b0 is an unknown value
R8 =0x000000000b5dc000 is a thread
R9 =0x0000000000000700 is an unknown value
R10=0x704179726f746973 is an unknown value
R11=0xb72b2a3800f5001d is an unknown value
R12=0x0000000000000000 is an unknown value
R13=0x0000000002730348 is an unknown value
R14=0x0000000000000000 is an unknown value
R15=0x0000000000000000 is an unknown value


Stack: [0x000000000e2d0000,0x000000000e3d0000],  sp=0x000000000e3cf860,  free space=1022k
Native frames: (J=compiled Java code, j=interpreted, Vv=VM code, C=native code)
V  [jvm.dll+0x1445eb]


---------------  P R O C E S S  ---------------

Java Threads: ( => current thread )
  0x000000000c69e000 JavaThread "Service Thread" daemon [_thread_blocked, id=10612, stack(0x000000000e940000,0x000000000ea40000)]
  0x000000000c69b800 JavaThread "C2 CompilerThread1" daemon [_thread_blocked, id=11616, stack(0x000000000e3d0000,0x000000000e4d0000)]
  0x000000000c6a2800 JavaThread "C2 CompilerThread0" daemon [_thread_blocked, id=12208, stack(0x000000000e700000,0x000000000e800000)]
  0x000000000c685000 JavaThread "JDWP Command Reader" daemon [_thread_in_native, id=11648, stack(0x000000000e580000,0x000000000e680000)]
  0x000000000c680000 JavaThread "JDWP Event Helper Thread" daemon [_thread_blocked, id=6776, stack(0x000000000e190000,0x000000000e290000)]
=>0x000000000b5dc000 JavaThread "JDWP Transport Listener: dt_socket" daemon [_thread_in_vm, id=13196, stack(0x000000000e2d0000,0x000000000e3d0000)]
  0x000000000b5d5000 JavaThread "Attach Listener" daemon [_thread_blocked, id=10148, stack(0x000000000db50000,0x000000000dc50000)]
  0x000000000b5d4800 JavaThread "Signal Dispatcher" daemon [_thread_blocked, id=11436, stack(0x000000000d970000,0x000000000da70000)]
  0x000000000b5c0800 JavaThread "Finalizer" daemon [_thread_blocked, id=8960, stack(0x0000000002010000,0x0000000002110000)]
  0x0000000002799000 JavaThread "Reference Handler" daemon [_thread_blocked, id=3052, stack(0x000000000d790000,0x000000000d890000)]
  0x000000000270a800 JavaThread "main" [_thread_blocked, id=5344, stack(0x0000000002ab0000,0x0000000002bb0000)]

Other Threads:
  0x000000000b5bd800 VMThread [stack: 0x000000000d650000,0x000000000d750000] [id=8988]
  0x000000000c69e800 WatcherThread [stack: 0x000000000eaf0000,0x000000000ebf0000] [id=11488]

VM state:not at safepoint (normal execution)

VM Mutex/Monitor currently owned by a thread: None

Heap
 PSYoungGen      total 38400K, used 29659K [0x00000007d5c80000, 0x00000007d8700000, 0x0000000800000000)
  eden space 33280K, 73% used [0x00000007d5c80000,0x00000007d747a3d8,0x00000007d7d00000)
  from space 5120K, 99% used [0x00000007d8200000,0x00000007d86fcac8,0x00000007d8700000)
  to   space 5120K, 0% used [0x00000007d7d00000,0x00000007d7d00000,0x00000007d8200000)
 ParOldGen       total 86016K, used 8435K [0x0000000781600000, 0x0000000786a00000, 0x00000007d5c80000)
  object space 86016K, 9% used [0x0000000781600000,0x0000000781e3cc18,0x0000000786a00000)
 PSPermGen       total 21504K, used 11188K [0x000000077c400000, 0x000000077d900000, 0x0000000781600000)
  object space 21504K, 52% used [0x000000077c400000,0x000000077ceed120,0x000000077d900000)

Card table byte_map: [0x0000000005bb0000,0x0000000005fd0000] byte_map_base: 0x0000000001fce000

Polling page: 0x0000000000370000

Code Cache  [0x0000000002bb0000, 0x0000000002e20000, 0x0000000005bb0000)
 total_blobs=686 nmethods=417 adapters=229 free_code_cache=47349Kb largest_free_block=48391232

Compilation events (10 events):
Event: 5.444 Thread 0x000000000c69b800 nmethod 420% 0x0000000002d2cb90 code [0x0000000002d2cde0, 0x0000000002d2f318]
Event: 5.454 Thread 0x000000000c6a2800 nmethod 419 0x0000000002d62f10 code [0x0000000002d63320, 0x0000000002d66a70]
Event: 16.182 Thread 0x000000000c69b800  421             org.apache.xmlbeans.impl.store.Saver::pushMappings (200 bytes)
Event: 16.196 Thread 0x000000000c6a2800  422             org.apache.xmlbeans.impl.store.Saver::process (222 bytes)
Event: 16.254 Thread 0x000000000c6a2800 nmethod 422 0x0000000002d6b190 code [0x0000000002d6b580, 0x0000000002d6d760]
Event: 16.294 Thread 0x000000000c69b800 nmethod 421 0x0000000002d6fd90 code [0x0000000002d701a0, 0x0000000002d73910]
Event: 21.531 Thread 0x000000000c6a2800  423             org.apache.xmlbeans.impl.store.Saver$FragSaveCur::toFirstAttr (91 bytes)
Event: 21.531 Thread 0x000000000c69b800  424             org.apache.xmlbeans.impl.store.Saver::addMapping (334 bytes)
Event: 21.534 Thread 0x000000000c6a2800 nmethod 423 0x0000000002d2aa10 code [0x0000000002d2ab80, 0x0000000002d2ae68]
Event: 21.694 Thread 0x000000000c69b800 nmethod 424 0x0000000002d7f510 code [0x0000000002d7f940, 0x0000000002d85630]

GC Heap History (4 events):
Event: 4.003 GC heap before
{Heap before GC invocations=1 (full 0):
 PSYoungGen      total 38400K, used 33280K [0x00000007d5c80000, 0x00000007d8700000, 0x0000000800000000)
  eden space 33280K, 100% used [0x00000007d5c80000,0x00000007d7d00000,0x00000007d7d00000)
  from space 5120K, 0% used [0x00000007d8200000,0x00000007d8200000,0x00000007d8700000)
  to   space 5120K, 0% used [0x00000007d7d00000,0x00000007d7d00000,0x00000007d8200000)
 ParOldGen       total 86016K, used 0K [0x0000000781600000, 0x0000000786a00000, 0x00000007d5c80000)
  object space 86016K, 0% used [0x0000000781600000,0x0000000781600000,0x0000000786a00000)
 PSPermGen       total 21504K, used 10093K [0x000000077c400000, 0x000000077d900000, 0x0000000781600000)
  object space 21504K, 46% used [0x000000077c400000,0x000000077cddb530,0x000000077d900000)
Event: 4.013 GC heap after
Heap after GC invocations=1 (full 0):
 PSYoungGen      total 38400K, used 5106K [0x00000007d5c80000, 0x00000007d8700000, 0x0000000800000000)
  eden space 33280K, 0% used [0x00000007d5c80000,0x00000007d5c80000,0x00000007d7d00000)
  from space 5120K, 99% used [0x00000007d7d00000,0x00000007d81fcb28,0x00000007d8200000)
  to   space 5120K, 0% used [0x00000007d8200000,0x00000007d8200000,0x00000007d8700000)
 ParOldGen       total 86016K, used 3889K [0x0000000781600000, 0x0000000786a00000, 0x00000007d5c80000)
  object space 86016K, 4% used [0x0000000781600000,0x00000007819cc7e8,0x0000000786a00000)
 PSPermGen       total 21504K, used 10093K [0x000000077c400000, 0x000000077d900000, 0x0000000781600000)
  object space 21504K, 46% used [0x000000077c400000,0x000000077cddb530,0x000000077d900000)
}
Event: 4.713 GC heap before
{Heap before GC invocations=2 (full 0):
 PSYoungGen      total 38400K, used 38386K [0x00000007d5c80000, 0x00000007d8700000, 0x0000000800000000)
  eden space 33280K, 100% used [0x00000007d5c80000,0x00000007d7d00000,0x00000007d7d00000)
  from space 5120K, 99% used [0x00000007d7d00000,0x00000007d81fcb28,0x00000007d8200000)
  to   space 5120K, 0% used [0x00000007d8200000,0x00000007d8200000,0x00000007d8700000)
 ParOldGen       total 86016K, used 3889K [0x0000000781600000, 0x0000000786a00000, 0x00000007d5c80000)
  object space 86016K, 4% used [0x0000000781600000,0x00000007819cc7e8,0x0000000786a00000)
 PSPermGen       total 21504K, used 10834K [0x000000077c400000, 0x000000077d900000, 0x0000000781600000)
  object space 21504K, 50% used [0x000000077c400000,0x000000077ce94890,0x000000077d900000)
Event: 4.722 GC heap after
Heap after GC invocations=2 (full 0):
 PSYoungGen      total 38400K, used 5106K [0x00000007d5c80000, 0x00000007d8700000, 0x0000000800000000)
  eden space 33280K, 0% used [0x00000007d5c80000,0x00000007d5c80000,0x00000007d7d00000)
  from space 5120K, 99% used [0x00000007d8200000,0x00000007d86fcac8,0x00000007d8700000)
  to   space 5120K, 0% used [0x00000007d7d00000,0x00000007d7d00000,0x00000007d8200000)
 ParOldGen       total 86016K, used 8435K [0x0000000781600000, 0x0000000786a00000, 0x00000007d5c80000)
  object space 86016K, 9% used [0x0000000781600000,0x0000000781e3cc18,0x0000000786a00000)
 PSPermGen       total 21504K, used 10834K [0x000000077c400000, 0x000000077d900000, 0x0000000781600000)
  object space 21504K, 50% used [0x000000077c400000,0x000000077ce94890,0x000000077d900000)
}

Deoptimization events (10 events):
Event: 5.207 Thread 0x000000000270a800 Uncommon trap: reason=class_check action=maybe_recompile pc=0x0000000002cc198c method=org.apache.xmlbeans.impl.store.Saver.pushMappings(Lorg/apache/xmlbeans/impl/store/Saver$SaveCur;Z)V @ 31
Event: 5.207 Thread 0x000000000270a800 Uncommon trap: reason=class_check action=maybe_recompile pc=0x0000000002ca6eb0 method=org.apache.xmlbeans.impl.store.Saver.process()Z @ 62
Event: 5.207 Thread 0x000000000270a800 Uncommon trap: reason=class_check action=maybe_recompile pc=0x0000000002ca6eb0 method=org.apache.xmlbeans.impl.store.Saver.process()Z @ 62
Event: 5.207 Thread 0x000000000270a800 Uncommon trap: reason=class_check action=maybe_recompile pc=0x0000000002cc198c method=org.apache.xmlbeans.impl.store.Saver.pushMappings(Lorg/apache/xmlbeans/impl/store/Saver$SaveCur;Z)V @ 31
Event: 5.207 Thread 0x000000000270a800 Uncommon trap: reason=class_check action=maybe_recompile pc=0x0000000002cc198c method=org.apache.xmlbeans.impl.store.Saver.pushMappings(Lorg/apache/xmlbeans/impl/store/Saver$SaveCur;Z)V @ 31
Event: 5.207 Thread 0x000000000270a800 Uncommon trap: reason=class_check action=maybe_recompile pc=0x0000000002cc198c method=org.apache.xmlbeans.impl.store.Saver.pushMappings(Lorg/apache/xmlbeans/impl/store/Saver$SaveCur;Z)V @ 31
Event: 16.182 Thread 0x000000000270a800 Uncommon trap: reason=null_check action=make_not_entrant pc=0x0000000002d66800 method=org.apache.xmlbeans.impl.store.Saver.addNewFrameMapping(Ljava/lang/String;Ljava/lang/String;Z)V @ 68
Event: 21.493 Thread 0x000000000270a800 Uncommon trap: reason=class_check action=maybe_recompile pc=0x0000000002d541bc method=org.apache.xmlbeans.impl.store.Xobj.compute_flags()I @ 40
Event: 76.755 Thread 0x000000000270a800 Uncommon trap: reason=class_check action=maybe_recompile pc=0x0000000002d541bc method=org.apache.xmlbeans.impl.store.Xobj.compute_flags()I @ 40
Event: 76.756 Thread 0x000000000270a800 Uncommon trap: reason=class_check action=maybe_recompile pc=0x0000000002d28a74 method=org.apache.xmlbeans.impl.store.Xobj.compute_flags()I @ 40

Internal exceptions (10 events):
Event: 5.096 Thread 0x000000000270a800 Threw 0x00000007d72eac78 at C:\re\jdk7u71\1605\hotspot\src\share\vm\prims\jvm.cpp:1281
Event: 5.097 Thread 0x000000000270a800 Threw 0x00000007d72f6ce0 at C:\re\jdk7u71\1605\hotspot\src\share\vm\prims\jvm.cpp:1281
Event: 5.098 Thread 0x000000000270a800 Threw 0x00000007d72fae70 at C:\re\jdk7u71\1605\hotspot\src\share\vm\prims\jvm.cpp:1281
Event: 5.099 Thread 0x000000000270a800 Implicit null exception at 0x0000000002ce8f6a to 0x0000000002ce908d
Event: 5.099 Thread 0x000000000270a800 Implicit null exception at 0x0000000002ced4b0 to 0x0000000002ced691
Event: 5.099 Thread 0x000000000270a800 Implicit null exception at 0x0000000002ce94bb to 0x0000000002ce9589
Event: 5.099 Thread 0x000000000270a800 Implicit null exception at 0x0000000002cea500 to 0x0000000002cea68d
Event: 5.208 Thread 0x000000000270a800 Threw 0x00000007d7304880 at C:\re\jdk7u71\1605\hotspot\src\share\vm\prims\jvm.cpp:1281
Event: 16.182 Thread 0x000000000270a800 Implicit null exception at 0x0000000002d638cc to 0x0000000002d667d5
Event: 76.756 Thread 0x000000000270a800 Threw 0x00000007d7376098 at C:\re\jdk7u71\1605\hotspot\src\share\vm\prims\jvm.cpp:1281

Events (10 events):
Event: 610.010 Executing VM operation: ChangeBreakpoints
Event: 610.010 Executing VM operation: ChangeBreakpoints done
Event: 617.880 Executing VM operation: ChangeBreakpoints
Event: 617.881 Executing VM operation: ChangeBreakpoints done
Event: 625.805 Executing VM operation: ChangeBreakpoints
Event: 625.805 Executing VM operation: ChangeBreakpoints done
Event: 626.633 Executing VM operation: ChangeBreakpoints
Event: 626.633 Executing VM operation: ChangeBreakpoints done
Event: 765.099 Executing VM operation: ChangeBreakpoints
Event: 765.100 Executing VM operation: ChangeBreakpoints done


Dynamic libraries:
0x000000013f220000 - 0x000000013f253000 	C:\Program Files\Java\jdk1.7.0_71\bin\java.exe
0x0000000077660000 - 0x0000000077809000 	C:\Windows\SYSTEM32\ntdll.dll
0x0000000077540000 - 0x0000000077660000 	C:\Windows\system32\kernel32.dll
0x000007fefd520000 - 0x000007fefd58c000 	C:\Windows\system32\KERNELBASE.dll
0x000007fefd7c0000 - 0x000007fefd89b000 	C:\Windows\system32\ADVAPI32.dll
0x000007fefe980000 - 0x000007fefea1f000 	C:\Windows\system32\msvcrt.dll
0x000007fefd8a0000 - 0x000007fefd8bf000 	C:\Windows\SYSTEM32\sechost.dll
0x000007feff840000 - 0x000007feff96d000 	C:\Windows\system32\RPCRT4.dll
0x0000000077440000 - 0x000000007753a000 	C:\Windows\system32\USER32.dll
0x000007fefe6a0000 - 0x000007fefe707000 	C:\Windows\system32\GDI32.dll
0x000007fefdc00000 - 0x000007fefdc0e000 	C:\Windows\system32\LPK.dll
0x000007fefe5b0000 - 0x000007fefe67a000 	C:\Windows\system32\USP10.dll
0x000007fefb190000 - 0x000007fefb384000 	C:\Windows\WinSxS\amd64_microsoft.windows.common-controls_6595b64144ccf1df_6.0.7601.18837_none_fa3b1e3d17594757\COMCTL32.dll
0x000007fefea20000 - 0x000007fefea91000 	C:\Windows\system32\SHLWAPI.dll
0x000007fefd960000 - 0x000007fefd98e000 	C:\Windows\system32\IMM32.DLL
0x000007fefdfa0000 - 0x000007fefe0a9000 	C:\Windows\system32\MSCTF.dll
0x0000000075140000 - 0x000000007518c000 	C:\PROGRA~1\Avecto\PRIVIL~1\PGHook.dll
0x0000000077830000 - 0x0000000077837000 	C:\Windows\system32\PSAPI.DLL
0x000007fefd1a0000 - 0x000007fefd2c5000 	C:\Windows\system32\dbghelp.dll
0x0000000075100000 - 0x0000000075138000 	C:\PROGRA~2\Sophos\SOPHOS~1\SOPHOS~2.DLL
0x0000000078b80000 - 0x0000000078c52000 	C:\Program Files\Java\jdk1.7.0_71\jre\bin\msvcr100.dll
0x000000006eb70000 - 0x000000006f343000 	C:\Program Files\Java\jdk1.7.0_71\jre\bin\server\jvm.dll
0x000007fef8890000 - 0x000007fef8899000 	C:\Windows\system32\WSOCK32.dll
0x000007fefe0b0000 - 0x000007fefe0fd000 	C:\Windows\system32\WS2_32.dll
0x000007feff830000 - 0x000007feff838000 	C:\Windows\system32\NSI.dll
0x000007fefa260000 - 0x000007fefa29b000 	C:\Windows\system32\WINMM.dll
0x00000000514c0000 - 0x00000000514cf000 	C:\Program Files\Java\jdk1.7.0_71\jre\bin\verify.dll
0x0000000050b60000 - 0x0000000050b88000 	C:\Program Files\Java\jdk1.7.0_71\jre\bin\java.dll
0x0000000077b30000 - 0x0000000077b65000 	C:\Program Files\Java\jdk1.7.0_71\jre\bin\jdwp.dll
0x0000000050df0000 - 0x0000000050df8000 	C:\Program Files\Java\jdk1.7.0_71\jre\bin\npt.dll
0x0000000050990000 - 0x00000000509a5000 	C:\Program Files\Java\jdk1.7.0_71\jre\bin\zip.dll
0x0000000077be0000 - 0x0000000077be9000 	C:\Program Files\Java\jdk1.7.0_71\jre\bin\dt_socket.dll
0x000007fefbd20000 - 0x000007fefbd4d000 	C:\ProgramData\Sophos\Web Intelligence\swi_ifslsp_64.dll
0x000007fefcb80000 - 0x000007fefcb8c000 	C:\Windows\system32\VERSION.dll
0x000007fefc580000 - 0x000007fefc5d5000 	C:\Windows\system32\mswsock.dll
0x000007fefbd00000 - 0x000007fefbd07000 	C:\Windows\System32\wshtcpip.dll
0x0000000077bc0000 - 0x0000000077bd9000 	C:\Program Files\Java\jdk1.7.0_71\jre\bin\net.dll
0x000007fefc9a0000 - 0x000007fefc9a7000 	C:\Windows\System32\wship6.dll
0x0000000077ae0000 - 0x0000000077af1000 	C:\Program Files\Java\jdk1.7.0_71\jre\bin\nio.dll

VM Arguments:
jvm_args: -agentlib:jdwp=transport=dt_socket,address=127.0.0.1:57120,suspend=y,server=n -Dfile.encoding=UTF-8 
java_command: gov.energy.nrel.dataRepositoryApp.utilities.CodeForIngestingLegacyData
Launcher Type: SUN_STANDARD

Environment Variables:
JAVA_HOME=C:\Program Files\Java\jdk1.7.0_71
PATH=C:\ProgramData\Oracle\Java\javapath;C:\Windows\system32;C:\Windows;C:\Windows\System32\Wbem;C:\Windows\System32\WindowsPowerShell\v1.0\;C:\Program Files (x86)\CheckPoint\Endpoint Security Agent\Endpoint Common\bin;C:\Program Files (x86)\Common Files\Check Point\UIFramework 3.0\Bin\;C:\Program Files (x86)\CheckPoint\Endpoint Security\Endpoint Common\bin;c:\Program Files\TortoiseSVN\bin;C:\Program Files\Java\jdk1.7.0_71\bin;C:\software\apache-ant-1.9.4\bin;C:\software\apache-maven-3.2.3\bin;c:\Program Files\MySQL\MySQL Server 5.1\bin;C:\software\apache-tomcat-7.0.56\bin;c:\Program Files (x86)\Subversion\bin;C:\Program Files (x86)\Git\cmd;C:\Program Files (x86)\Brackets\command;C:\Program Files\nodejs\;C:\Users\mbrown\AppData\Roaming\npm
USERNAME=mbrown
OS=Windows_NT
PROCESSOR_IDENTIFIER=Intel64 Family 6 Model 60 Stepping 3, GenuineIntel



---------------  S Y S T E M  ---------------

OS: Windows 7 , 64 bit Build 7601 Service Pack 1

CPU:total 8 (4 cores per cpu, 2 threads per core) family 6 model 60 stepping 3, cmov, cx8, fxsr, mmx, sse, sse2, sse3, ssse3, sse4.1, sse4.2, popcnt, avx, avx2, aes, erms, ht, tsc, tscinvbit

Memory: 4k page, physical 8291508k(1212828k free), swap 16581180k(6090716k free)

vm_info: Java HotSpot(TM) 64-Bit Server VM (24.71-b01) for windows-amd64 JRE (1.7.0_71-b14), built on Sep 26 2014 16:16:12 by "java_re" with unknown MS VC++:1600

time: Mon Jan 04 14:59:08 2016
elapsed time: 765 seconds

